[debug] [2018-12-11T13:36:26.893Z] ----------------------------------------------------------------------
[debug] [2018-12-11T13:36:26.895Z] Command:       /usr/local/Cellar/node/6.3.0/bin/node /usr/local/bin/firebase deploy --only functions
[debug] [2018-12-11T13:36:26.895Z] CLI Version:   6.1.2
[debug] [2018-12-11T13:36:26.895Z] Platform:      darwin
[debug] [2018-12-11T13:36:26.895Z] Node Version:  v10.0.0
[debug] [2018-12-11T13:36:26.896Z] Time:          Tue Dec 11 2018 14:36:26 GMT+0100 (CET)
[debug] [2018-12-11T13:36:26.896Z] ----------------------------------------------------------------------
[debug] 
[debug] [2018-12-11T13:36:26.915Z] > command requires scopes: ["email","openid","https://www.googleapis.com/auth/cloudplatformprojects.readonly","https://www.googleapis.com/auth/firebase","https://www.googleapis.com/auth/cloud-platform"]
[debug] [2018-12-11T13:36:26.915Z] > authorizing via signed-in user
[debug] [2018-12-11T13:36:26.916Z] [iam] checking project stadpatrullen-a7783 for permissions ["cloudfunctions.functions.create","cloudfunctions.functions.delete","cloudfunctions.functions.get","cloudfunctions.functions.list","cloudfunctions.functions.update","cloudfunctions.operations.get","firebase.projects.get"]
[debug] [2018-12-11T13:36:26.917Z] > refreshing access token with scopes: ["email","https://www.googleapis.com/auth/cloud-platform","https://www.googleapis.com/auth/cloudplatformprojects.readonly","https://www.googleapis.com/auth/firebase","openid"]
[debug] [2018-12-11T13:36:26.917Z] >>> HTTP REQUEST POST https://www.googleapis.com/oauth2/v3/token  
 <request body omitted>
[debug] [2018-12-11T13:36:27.187Z] <<< HTTP RESPONSE 200
[debug] [2018-12-11T13:36:27.206Z] >>> HTTP REQUEST POST https://cloudresourcemanager.googleapis.com/v1/projects/stadpatrullen-a7783:testIamPermissions  

[debug] [2018-12-11T13:36:28.328Z] <<< HTTP RESPONSE 200
[info] 
[info] === Deploying to 'stadpatrullen-a7783'...
[info] 
[info] i  deploying functions
[debug] [2018-12-11T13:36:30.536Z] > [functions] package.json contents: {
  "name": "functions",
  "description": "Cloud Functions for Firebase",
  "scripts": {
    "serve": "firebase serve --only functions",
    "shell": "firebase functions:shell",
    "start": "npm run shell",
    "deploy": "firebase deploy --only functions",
    "logs": "firebase functions:log"
  },
  "dependencies": {
    "firebase-admin": "~6.0.0",
    "firebase-functions": "^2.1.0"
  },
  "private": true
}
[info] i  functions: ensuring necessary APIs are enabled...
[debug] [2018-12-11T13:36:30.537Z] >>> HTTP REQUEST GET https://servicemanagement.googleapis.com/v1/services/cloudfunctions.googleapis.com/projectSettings/stadpatrullen-a7783?view=CONSUMER_VIEW  
 
[debug] [2018-12-11T13:36:30.538Z] >>> HTTP REQUEST GET https://servicemanagement.googleapis.com/v1/services/runtimeconfig.googleapis.com/projectSettings/stadpatrullen-a7783?view=CONSUMER_VIEW  
 
[debug] [2018-12-11T13:36:32.101Z] <<< HTTP RESPONSE 200
[debug] [2018-12-11T13:36:32.155Z] <<< HTTP RESPONSE 200
[info] ✔  functions: all necessary APIs are enabled
[debug] [2018-12-11T13:36:32.157Z] >>> HTTP REQUEST GET https://cloudresourcemanager.googleapis.com/v1/projects/stadpatrullen-a7783  
 
[debug] [2018-12-11T13:36:33.135Z] <<< HTTP RESPONSE 200
[debug] [2018-12-11T13:36:33.136Z] >>> HTTP REQUEST GET https://mobilesdk-pa.googleapis.com/v1/projects/27796812779:getServerAppConfig  
 
[debug] [2018-12-11T13:36:33.739Z] <<< HTTP RESPONSE 200
[info] i  functions: preparing functions directory for uploading...
[debug] [2018-12-11T13:36:33.742Z] >>> HTTP REQUEST GET https://runtimeconfig.googleapis.com/v1beta1/projects/stadpatrullen-a7783/configs  
 
[debug] [2018-12-11T13:36:35.427Z] <<< HTTP RESPONSE 200
[info] i  functions: packaged functions (41.75 KB) for uploading
[debug] [2018-12-11T13:36:35.699Z] >>> HTTP REQUEST POST https://cloudfunctions.googleapis.com/v1/projects/stadpatrullen-a7783/locations/us-central1/functions:generateUploadUrl  
 
[debug] [2018-12-11T13:36:36.651Z] <<< HTTP RESPONSE 200
[debug] [2018-12-11T13:36:36.653Z] >>> HTTP REQUEST PUT https://storage.googleapis.com/gcf-upload-us-central1-09d4d0be-7d9e-4093-b9e0-686ebe405cbc/dd4f37de-afbf-4296-aa9f-40ee3bb552e3.zip?GoogleAccessId=service-27796812779@gcf-admin-robot.iam.gserviceaccount.com&Expires=1544537196&Signature=As3%2Fv%2B8CJTYnoOt9%2BreHkBjOcIWFdSb3DVyrd%2F7fjwVB6lHCXJ1q1LwWcCZlyR0JBtlbFBySwAOXcY3JHBWZr4FPciQkID9DfqpchuEUBNKa0TbBUjHY3rFYMmwMZmyDCIx7IFUHXNCQikeGPzsNbUtbMzd%2BED6VLPNTk0LxYsI5EGyUuMCOnazNjVOp4XAgSoZjSxIt160%2FBF%2FmYEouIk%2Fd4tN4O4emC5XGHIVIgFxm6sP2WSvJDlhxhALSckR4NaXjbtrZjroAHLPgkBzi3CYcFsqQdDB7PLCnTuZkloDZ3IJaEURJiTifNLNstip1UDuxeXeMthiRaUrDUM%2Fs4A%3D%3D  

[debug] [2018-12-11T13:36:37.484Z] <<< HTTP RESPONSE 200
[info] ✔  functions: functions folder uploaded successfully
[debug] [2018-12-11T13:36:37.485Z] >>> HTTP REQUEST GET https://cloudfunctions.googleapis.com/v1/projects/stadpatrullen-a7783/locations/-/functions  
 
[debug] [2018-12-11T13:36:38.251Z] <<< HTTP RESPONSE 200
[info] i  functions: creating Node.js 6 function request(us-central1)...
[debug] [2018-12-11T13:36:38.254Z] Trigger is:  {"httpsTrigger":{}}
[info] i  functions: updating Node.js 6 function addMessage(us-central1)...
[debug] [2018-12-11T13:36:38.255Z] Trigger is:  {"httpsTrigger":{}}
[info] i  functions: updating Node.js 6 function makeUppercase(us-central1)...
[debug] [2018-12-11T13:36:38.256Z] Trigger is:  {"eventTrigger":{"resource":"projects/_/instances/stadpatrullen-a7783/refs/messages/{pushId}/original","eventType":"providers/google.firebase.database/eventTypes/ref.create","service":"firebaseio.com"}}
[info] 
The following functions are found in your project but do not exist in your local source code:
	fetchSensortData(us-central1)

If you are renaming a function or changing its region, it is recommended that you create the new function first before deleting the old one to prevent event loss. For more info, visit https://firebase.google.com/docs/functions/manage-functions#modify

[info] i  functions: continuing with other deployments.
[debug] [2018-12-11T13:36:48.730Z] >>> HTTP REQUEST POST https://cloudfunctions.googleapis.com/v1/projects/stadpatrullen-a7783/locations/us-central1/functions  

[debug] [2018-12-11T13:36:48.731Z] >>> HTTP REQUEST PATCH https://cloudfunctions.googleapis.com/v1/projects/stadpatrullen-a7783/locations/us-central1/functions/addMessage {"updateMask":"sourceUploadUrl,name,labels,httpsTrigger"} 

[debug] [2018-12-11T13:36:48.732Z] >>> HTTP REQUEST PATCH https://cloudfunctions.googleapis.com/v1/projects/stadpatrullen-a7783/locations/us-central1/functions/makeUppercase {"updateMask":"sourceUploadUrl,name,labels,eventTrigger.resource,eventTrigger.eventType,eventTrigger.service"} 

[debug] [2018-12-11T13:36:49.554Z] <<< HTTP RESPONSE 200
[debug] [2018-12-11T13:36:49.555Z] <<< HTTP RESPONSE 200
[debug] [2018-12-11T13:36:49.556Z] <<< HTTP RESPONSE 200
[debug] [2018-12-11T13:36:49.557Z] >>> HTTP REQUEST GET https://cloudfunctions.googleapis.com/v1/projects/stadpatrullen-a7783/locations/-/functions  
 
[debug] [2018-12-11T13:36:50.377Z] <<< HTTP RESPONSE 200
[debug] [2018-12-11T13:36:50.379Z] >>> HTTP REQUEST GET https://cloudfunctions.googleapis.com/v1/operations/c3RhZHBhdHJ1bGxlbi1hNzc4My91cy1jZW50cmFsMS9yZXF1ZXN0L0ZibTY5YmZqXy13  
 
[debug] [2018-12-11T13:36:50.380Z] >>> HTTP REQUEST GET https://cloudfunctions.googleapis.com/v1/operations/c3RhZHBhdHJ1bGxlbi1hNzc4My91cy1jZW50cmFsMS9hZGRNZXNzYWdlLzQyMU1zMU9kc2Nj  
 
[debug] [2018-12-11T13:36:50.381Z] >>> HTTP REQUEST GET https://cloudfunctions.googleapis.com/v1/operations/c3RhZHBhdHJ1bGxlbi1hNzc4My91cy1jZW50cmFsMS9tYWtlVXBwZXJjYXNlLzNKLXhVNTVnRDg4  
 
[debug] [2018-12-11T13:36:50.993Z] <<< HTTP RESPONSE 200
[debug] [2018-12-11T13:36:50.996Z] <<< HTTP RESPONSE 200
[debug] [2018-12-11T13:36:50.996Z] <<< HTTP RESPONSE 200
[debug] [2018-12-11T13:36:52.999Z] >>> HTTP REQUEST GET https://cloudfunctions.googleapis.com/v1/operations/c3RhZHBhdHJ1bGxlbi1hNzc4My91cy1jZW50cmFsMS9tYWtlVXBwZXJjYXNlLzNKLXhVNTVnRDg4  
 
[debug] [2018-12-11T13:36:52.999Z] >>> HTTP REQUEST GET https://cloudfunctions.googleapis.com/v1/operations/c3RhZHBhdHJ1bGxlbi1hNzc4My91cy1jZW50cmFsMS9hZGRNZXNzYWdlLzQyMU1zMU9kc2Nj  
 
[debug] [2018-12-11T13:36:53.000Z] >>> HTTP REQUEST GET https://cloudfunctions.googleapis.com/v1/operations/c3RhZHBhdHJ1bGxlbi1hNzc4My91cy1jZW50cmFsMS9yZXF1ZXN0L0ZibTY5YmZqXy13  
 
[debug] [2018-12-11T13:36:53.394Z] <<< HTTP RESPONSE 200
[debug] [2018-12-11T13:36:53.513Z] <<< HTTP RESPONSE 200
[debug] [2018-12-11T13:36:53.559Z] <<< HTTP RESPONSE 200
[debug] [2018-12-11T13:36:55.400Z] >>> HTTP REQUEST GET https://cloudfunctions.googleapis.com/v1/operations/c3RhZHBhdHJ1bGxlbi1hNzc4My91cy1jZW50cmFsMS9yZXF1ZXN0L0ZibTY5YmZqXy13  
 
[debug] [2018-12-11T13:36:55.515Z] >>> HTTP REQUEST GET https://cloudfunctions.googleapis.com/v1/operations/c3RhZHBhdHJ1bGxlbi1hNzc4My91cy1jZW50cmFsMS9tYWtlVXBwZXJjYXNlLzNKLXhVNTVnRDg4  
 
[debug] [2018-12-11T13:36:55.560Z] >>> HTTP REQUEST GET https://cloudfunctions.googleapis.com/v1/operations/c3RhZHBhdHJ1bGxlbi1hNzc4My91cy1jZW50cmFsMS9hZGRNZXNzYWdlLzQyMU1zMU9kc2Nj  
 
[debug] [2018-12-11T13:36:55.907Z] <<< HTTP RESPONSE 200
[debug] [2018-12-11T13:36:56.107Z] <<< HTTP RESPONSE 200
[debug] [2018-12-11T13:36:56.109Z] <<< HTTP RESPONSE 200
[debug] [2018-12-11T13:36:57.910Z] >>> HTTP REQUEST GET https://cloudfunctions.googleapis.com/v1/operations/c3RhZHBhdHJ1bGxlbi1hNzc4My91cy1jZW50cmFsMS9yZXF1ZXN0L0ZibTY5YmZqXy13  
 
[debug] [2018-12-11T13:36:58.109Z] >>> HTTP REQUEST GET https://cloudfunctions.googleapis.com/v1/operations/c3RhZHBhdHJ1bGxlbi1hNzc4My91cy1jZW50cmFsMS9tYWtlVXBwZXJjYXNlLzNKLXhVNTVnRDg4  
 
[debug] [2018-12-11T13:36:58.112Z] >>> HTTP REQUEST GET https://cloudfunctions.googleapis.com/v1/operations/c3RhZHBhdHJ1bGxlbi1hNzc4My91cy1jZW50cmFsMS9hZGRNZXNzYWdlLzQyMU1zMU9kc2Nj  
 
[debug] [2018-12-11T13:36:58.430Z] <<< HTTP RESPONSE 200
[debug] [2018-12-11T13:36:58.623Z] <<< HTTP RESPONSE 200
[debug] [2018-12-11T13:36:58.625Z] <<< HTTP RESPONSE 200
[debug] [2018-12-11T13:37:00.434Z] >>> HTTP REQUEST GET https://cloudfunctions.googleapis.com/v1/operations/c3RhZHBhdHJ1bGxlbi1hNzc4My91cy1jZW50cmFsMS9yZXF1ZXN0L0ZibTY5YmZqXy13  
 
[debug] [2018-12-11T13:37:00.630Z] >>> HTTP REQUEST GET https://cloudfunctions.googleapis.com/v1/operations/c3RhZHBhdHJ1bGxlbi1hNzc4My91cy1jZW50cmFsMS9tYWtlVXBwZXJjYXNlLzNKLXhVNTVnRDg4  
 
[debug] [2018-12-11T13:37:00.631Z] >>> HTTP REQUEST GET https://cloudfunctions.googleapis.com/v1/operations/c3RhZHBhdHJ1bGxlbi1hNzc4My91cy1jZW50cmFsMS9hZGRNZXNzYWdlLzQyMU1zMU9kc2Nj  
 
[debug] [2018-12-11T13:37:01.024Z] <<< HTTP RESPONSE 200
[debug] [2018-12-11T13:37:01.134Z] <<< HTTP RESPONSE 200
[debug] [2018-12-11T13:37:01.174Z] <<< HTTP RESPONSE 200
